<?xml version="1.0" encoding="UTF-8"?>
<coverage generated="1652733479856" clover="3.2.0">
  <project timestamp="1652733479857" name="All files">
    <metrics statements="12" coveredstatements="12" conditionals="4" coveredconditionals="3" methods="3" coveredmethods="3" elements="19" coveredelements="18" complexity="0" loc="12" ncloc="12" packages="1" files="2" classes="2"/>
    <file name="scrubData.ts" path="/Users/mendycohen/Documents/Demos/practice/puppeteer-project/scrubData.ts">
      <metrics statements="10" coveredstatements="10" conditionals="4" coveredconditionals="3" methods="2" coveredmethods="2"/>
      <line num="11" count="1" type="stmt"/>
      <line num="12" count="3" type="stmt"/>
      <line num="13" count="7" type="stmt"/>
      <line num="14" count="7" type="stmt"/>
      <line num="15" count="7" type="stmt"/>
      <line num="16" count="7" type="stmt"/>
      <line num="17" count="7" type="cond" truecount="1" falsecount="1"/>
      <line num="18" count="7" type="cond" truecount="2" falsecount="0"/>
      <line num="20" count="7" type="stmt"/>
      <line num="27" count="3" type="stmt"/>
    </file>
    <file name="sum.js" path="/Users/mendycohen/Documents/Demos/practice/puppeteer-project/sum.js">
      <metrics statements="2" coveredstatements="2" conditionals="0" coveredconditionals="0" methods="1" coveredmethods="1"/>
      <line num="2" count="1" type="stmt"/>
      <line num="4" count="1" type="stmt"/>
    </file>
  </project>
</coverage>
