<?xml version="1.0" encoding="UTF-8"?>
<coverage generated="1652365969229" clover="3.2.0">
  <project timestamp="1652365969229" name="All files">
    <metrics statements="11" coveredstatements="11" conditionals="4" coveredconditionals="3" methods="3" coveredmethods="3" elements="18" coveredelements="17" complexity="0" loc="11" ncloc="11" packages="1" files="2" classes="2"/>
    <file name="scrubData.ts" path="/Users/mendycohen/Documents/Demos/practice/puppeteer-project/scrubData.ts">
      <metrics statements="9" coveredstatements="9" conditionals="4" coveredconditionals="3" methods="2" coveredmethods="2"/>
      <line num="9" count="1" type="stmt"/>
      <line num="10" count="4" type="stmt"/>
      <line num="11" count="10" type="stmt"/>
      <line num="12" count="10" type="cond" truecount="1" falsecount="1"/>
      <line num="14" count="10" type="cond" truecount="2" falsecount="0"/>
      <line num="15" count="10" type="stmt"/>
      <line num="16" count="10" type="stmt"/>
      <line num="21" count="4" type="stmt"/>
      <line num="25" count="1" type="stmt"/>
    </file>
    <file name="sum.js" path="/Users/mendycohen/Documents/Demos/practice/puppeteer-project/sum.js">
      <metrics statements="2" coveredstatements="2" conditionals="0" coveredconditionals="0" methods="1" coveredmethods="1"/>
      <line num="2" count="1" type="stmt"/>
      <line num="4" count="1" type="stmt"/>
    </file>
  </project>
</coverage>
