{"/Users/mendycohen/Documents/Demos/practice/puppeteer-project/scrubData.ts": {"path":"/Users/mendycohen/Documents/Demos/practice/puppeteer-project/scrubData.ts","statementMap":{"0":{"start":{"line":12,"column":50},"end":{"line":26,"column":4}},"1":{"start":{"line":13,"column":27},"end":{"line":13,"column":62}},"2":{"start":{"line":14,"column":25},"end":{"line":14,"column":52}},"3":{"start":{"line":15,"column":16},"end":{"line":15,"column":47}},"4":{"start":{"line":16,"column":19},"end":{"line":16,"column":26}},"5":{"start":{"line":17,"column":4},"end":{"line":17,"column":76}},"6":{"start":{"line":18,"column":4},"end":{"line":18,"column":72}},"7":{"start":{"line":20,"column":4},"end":{"line":25,"column":null}},"8":{"start":{"line":27,"column":2},"end":{"line":27,"column":23}},"9":{"start":{"line":11,"column":0},"end":{"line":11,"column":24}}},"fnMap":{"0":{"name":"scrubData","decl":{"start":{"line":11,"column":24},"end":{"line":11,"column":33}},"loc":{"start":{"line":11,"column":61},"end":{"line":28,"column":1}}},"1":{"name":"(anonymous_1)","decl":{"start":{"line":12,"column":63},"end":{"line":12,"column":64}},"loc":{"start":{"line":12,"column":82},"end":{"line":26,"column":3}}}},"branchMap":{"0":{"loc":{"start":{"line":17,"column":4},"end":{"line":17,"column":75}},"type":"cond-expr","locations":[{"start":{"line":17,"column":48},"end":{"line":17,"column":63}},{"start":{"line":17,"column":66},"end":{"line":17,"column":75}}]},"1":{"loc":{"start":{"line":18,"column":4},"end":{"line":18,"column":71}},"type":"cond-expr","locations":[{"start":{"line":18,"column":46},"end":{"line":18,"column":59}},{"start":{"line":18,"column":62},"end":{"line":18,"column":71}}]}},"s":{"0":3,"1":7,"2":7,"3":7,"4":7,"5":7,"6":7,"7":7,"8":3,"9":1},"f":{"0":3,"1":7},"b":{"0":[7,0],"1":[5,2]}}
,"/Users/mendycohen/Documents/Demos/practice/puppeteer-project/sum.js": {"path":"/Users/mendycohen/Documents/Demos/practice/puppeteer-project/sum.js","statementMap":{"0":{"start":{"line":2,"column":2},"end":{"line":2,"column":15}},"1":{"start":{"line":4,"column":0},"end":{"line":4,"column":21}}},"fnMap":{"0":{"name":"sum","decl":{"start":{"line":1,"column":9},"end":{"line":1,"column":12}},"loc":{"start":{"line":1,"column":19},"end":{"line":3,"column":1}},"line":1}},"branchMap":{},"s":{"0":1,"1":1},"f":{"0":1},"b":{},"inputSourceMap":null,"_coverageSchema":"1a1c01bbd47fc00a2c39e90264f33305004495a9","hash":"f08ed35d5ce5cf28b84ed28fd772719241d67619"}
}
