{"/Users/mendycohen/Documents/Demos/practice/puppeteer-project/scrubData.ts": {"path":"/Users/mendycohen/Documents/Demos/practice/puppeteer-project/scrubData.ts","statementMap":{"0":{"start":{"line":10,"column":50},"end":{"line":20,"column":4}},"1":{"start":{"line":11,"column":27},"end":{"line":11,"column":59}},"2":{"start":{"line":12,"column":4},"end":{"line":12,"column":84}},"3":{"start":{"line":14,"column":4},"end":{"line":14,"column":105}},"4":{"start":{"line":15,"column":16},"end":{"line":15,"column":47}},"5":{"start":{"line":16,"column":4},"end":{"line":19,"column":null}},"6":{"start":{"line":21,"column":2},"end":{"line":21,"column":23}},"7":{"start":{"line":9,"column":0},"end":{"line":9,"column":24}},"8":{"start":{"line":25,"column":0},"end":{"line":42,"column":4}}},"fnMap":{"0":{"name":"scrubData","decl":{"start":{"line":9,"column":24},"end":{"line":9,"column":33}},"loc":{"start":{"line":9,"column":53},"end":{"line":22,"column":1}}},"1":{"name":"(anonymous_1)","decl":{"start":{"line":10,"column":60},"end":{"line":10,"column":61}},"loc":{"start":{"line":10,"column":76},"end":{"line":20,"column":3}}}},"branchMap":{"0":{"loc":{"start":{"line":12,"column":4},"end":{"line":12,"column":83}},"type":"cond-expr","locations":[{"start":{"line":12,"column":46},"end":{"line":12,"column":61}},{"start":{"line":12,"column":64},"end":{"line":12,"column":83}}]},"1":{"loc":{"start":{"line":14,"column":4},"end":{"line":14,"column":104}},"type":"cond-expr","locations":[{"start":{"line":14,"column":44},"end":{"line":14,"column":84}},{"start":{"line":14,"column":87},"end":{"line":14,"column":104}}]}},"s":{"0":4,"1":10,"2":10,"3":10,"4":10,"5":10,"6":4,"7":1,"8":1},"f":{"0":4,"1":10},"b":{"0":[10,0],"1":[8,2]}}
,"/Users/mendycohen/Documents/Demos/practice/puppeteer-project/sum.js": {"path":"/Users/mendycohen/Documents/Demos/practice/puppeteer-project/sum.js","statementMap":{"0":{"start":{"line":2,"column":2},"end":{"line":2,"column":15}},"1":{"start":{"line":4,"column":0},"end":{"line":4,"column":21}}},"fnMap":{"0":{"name":"sum","decl":{"start":{"line":1,"column":9},"end":{"line":1,"column":12}},"loc":{"start":{"line":1,"column":19},"end":{"line":3,"column":1}},"line":1}},"branchMap":{},"s":{"0":1,"1":1},"f":{"0":1},"b":{},"inputSourceMap":null,"_coverageSchema":"1a1c01bbd47fc00a2c39e90264f33305004495a9","hash":"f08ed35d5ce5cf28b84ed28fd772719241d67619"}
}
